= count_of_2 ===================================================================
$> gcc -Wextra -Wall -Werror main.c count_of_2.c -o user_exe 

= Test 1 ===================================================
$> ./ulh24baowg18lqwsth0o0w35 -1
$> diff -U 3 user_output_test1 test1.output | cat -e

Diff OK :D
= Test 2 ===================================================
$> ./no42nd4rx3620pe7ifrgt6hv 0
$> diff -U 3 user_output_test2 test2.output | cat -e

Diff OK :D
= Test 3 ===================================================
$> ./2jokjsr7wuxqi0ul0zcevuo8 1
$> diff -U 3 user_output_test3 test3.output | cat -e

Diff OK :D
= Test 4 ===================================================
$> ./ia071zg2n8verq18pgsvzngd 13
$> diff -U 3 user_output_test4 test4.output | cat -e

Diff OK :D
= Test 5 ===================================================
$> ./sbf95ei0nvc3uth7a1ymj8k9 3
$> diff -U 3 user_output_test5 test5.output | cat -e

Diff OK :D
= Test 6 ===================================================
$> ./5stw481d05p0xufccpqiduim 25
$> diff -U 3 user_output_test6 test6.output | cat -e

Diff OK :D
= Test 7 ===================================================
$> ./c57stewnylihhx1ma79xkbfl 300
$> diff -U 3 user_output_test7 test7.output | cat -e

Diff OK :D
= Test 8 ===================================================
$> ./3wsy3tebc67so45bq25j5ub4 1000
$> diff -U 3 user_output_test8 test8.output | cat -e

Diff OK :D
= Test 9 ===================================================
$> ./n943wq6z8zt08es04ngmhnpj 424242
$> diff -U 3 user_output_test9 test9.output | cat -e

Diff OK :D
Grade: 1

= Final grade: 1 ===============================================================
