= Host-specific information ====================================================
$> hostname; uname -msr
e1z2r7p6.42.us.org
Darwin 17.4.0 x86_64
$> date
Tue Apr 16 09:16:01 PDT 2019
$> gcc --version
Configured with: --prefix=/Library/Developer/CommandLineTools/usr --with-gxx-include-dir=/usr/include/c++/4.2.1
Apple LLVM version 9.1.0 (clang-902.0.39.1)
Target: x86_64-apple-darwin17.4.0
Thread model: posix
InstalledDir: /Library/Developer/CommandLineTools/usr/bin
$> clang --version
Apple LLVM version 9.1.0 (clang-902.0.39.1)
Target: x86_64-apple-darwin17.4.0
Thread model: posix
InstalledDir: /Library/Developer/CommandLineTools/usr/bin

= User files collection ========================================================
Collecting user files from Vogsphere
Repository URL: auto-exam/2019/c-exam-alone-in-the-dark-intermediate/exam_20190416/mtaylor

= Git history ==================================================================
$> git -C /var/folders/g_/t_2kyvms5lq2p0b1q63gy5hr0000gp/T/tmpgGisSB/user log --pretty='%H - %an, %ad : %s'
a59ae7d1518beb1336ec411b60046a787c557b6e - Exam 42, Tue Apr 16 09:15:48 2019 -0700 : print doublon
 
= Collected files ==========================================
$> ls -lAR /var/folders/g_/t_2kyvms5lq2p0b1q63gy5hr0000gp/T/tmpgGisSB/user
total 8
-rw-r--r--  1 deepthought  deepthought  252 Apr 16 09:16 __GIT_HISTORY
drwxr-xr-x  3 deepthought  deepthought  102 Apr 16 09:16 print_doublon

/var/folders/g_/t_2kyvms5lq2p0b1q63gy5hr0000gp/T/tmpgGisSB/user/print_doublon:
total 8
-rw-r--r--  1 deepthought  deepthought  1240 Apr 16 09:16 print_doublon.c
 
= print_doublon ================================================================
$> gcc -Wextra -Wall -Werror print_doublon.c main.c -o user_exe 

= Test 1 ===================================================
$> ./ukdlgn2tjdc399xngwnap2ae test_00_1.txt test_00_2.txt
$> diff -U 3 user_output_test1 test1.output | cat -e

Diff OK :D
= Test 2 ===================================================
$> ./844lfrm3l3fpj9dfz85ksjyu test_00_1.txt test_01_2.txt
$> diff -U 3 user_output_test2 test2.output | cat -e

Diff OK :D
= Test 3 ===================================================
$> ./4phgehvyxs1njkb62hycflf1 test_02_1.txt test_02_2.txt
$> diff -U 3 user_output_test3 test3.output | cat -e

Diff OK :D
Grade: 1

= Final grade: 1 ===============================================================
