= Host-specific information ====================================================
$> hostname; uname -msr
e1z2r7p23.42.us.org
Darwin 17.4.0 x86_64
$> date
Tue May  7 10:02:09 PDT 2019
$> gcc --version
Configured with: --prefix=/Library/Developer/CommandLineTools/usr --with-gxx-include-dir=/usr/include/c++/4.2.1
Apple LLVM version 9.0.0 (clang-900.0.39.2)
Target: x86_64-apple-darwin17.4.0
Thread model: posix
InstalledDir: /Library/Developer/CommandLineTools/usr/bin
$> clang --version
Apple LLVM version 9.0.0 (clang-900.0.39.2)
Target: x86_64-apple-darwin17.4.0
Thread model: posix
InstalledDir: /Library/Developer/CommandLineTools/usr/bin

= User files collection ========================================================
Collecting user files from Vogsphere
Repository URL: auto-exam/2019/c-exam-alone-in-the-dark-intermediate/exam_20190507/mtaylor

= Git history ==================================================================
$> git -C /var/folders/kk/4s1vd9952nj5jgn57wspqsyc0000gp/T/tmpnN64i4/user log --pretty='%H - %an, %ad : %s'
e8675c058f68a630b98f6262b5e39df4f2214f81 - Exam 42, Tue May 7 10:02:01 2019 -0700 : stack
03d24550e1e173a4176387a59e8488fdd81aace1 - Exam 42, Tue May 7 09:46:00 2019 -0700 : queue
3cea9b10887bfc28737a14a1036495a02b6f4d7a - Exam 42, Tue May 7 09:17:42 2019 -0700 : equation
 
= Collected files ==========================================
$> ls -lAR /var/folders/kk/4s1vd9952nj5jgn57wspqsyc0000gp/T/tmpnN64i4/user
total 8
-rw-r--r--  1 deepthought  deepthought  753 May  7 10:02 __GIT_HISTORY
drwxr-xr-x  3 deepthought  deepthought  102 May  7 10:02 equation
drwxr-xr-x  3 deepthought  deepthought  102 May  7 10:02 queue
drwxr-xr-x  3 deepthought  deepthought  102 May  7 10:02 stack

/var/folders/kk/4s1vd9952nj5jgn57wspqsyc0000gp/T/tmpnN64i4/user/equation:
total 8
-rw-r--r--  1 deepthought  deepthought  1475 May  7 10:02 equation.c

/var/folders/kk/4s1vd9952nj5jgn57wspqsyc0000gp/T/tmpnN64i4/user/queue:
total 8
-rw-r--r--  1 deepthought  deepthought  2279 May  7 10:02 queue.c

/var/folders/kk/4s1vd9952nj5jgn57wspqsyc0000gp/T/tmpnN64i4/user/stack:
total 8
-rw-r--r--  1 deepthought  deepthought  2111 May  7 10:02 stack.c
 
= stack ========================================================================
$> gcc -Wextra -Wall -Werror main.c stack.c -o user_exe 

= Test 1 ===================================================
$> ./u0pkg01i02hcsrzq6lv7wcgl NULL
$> diff -U 3 user_output_test1 test1.output | cat -e

Diff OK :D
= Test 2 ===================================================
$> ./1vz9k7eqbi8684t0cpjm2uf9 1 2 3 4 5
$> diff -U 3 user_output_test2 test2.output | cat -e

Diff OK :D
= Test 3 ===================================================
$> ./j3qrx2w47u4ir5bplwi0girz We wants it, we needs it. Must have the precious. They stole it from us. Sneaky little hobbitses. Wicked, tricksy, false!
$> diff -U 3 user_output_test3 test3.output | cat -e

Diff OK :D
= Test 4 ===================================================
$> ./wnz4g0dika9zmnm84nm6akyp 42
$> diff -U 3 user_output_test4 test4.output | cat -e

Diff OK :D
= Test 5 ===================================================
$> ./thmxjldylvkwei7xv63c6jtz I have a bad feeling about this
$> diff -U 3 user_output_test5 test5.output | cat -e

Diff OK :D
Grade: 1

= Final grade: 1 ===============================================================
