= Host-specific information ====================================================
$> hostname; uname -msr
e1z2r1p11.42.us.org
Darwin 15.6.0 x86_64
$> date
Tue May  7 09:17:53 PDT 2019
$> gcc --version
Configured with: --prefix=/Library/Developer/CommandLineTools/usr --with-gxx-include-dir=/usr/include/c++/4.2.1
Apple LLVM version 8.0.0 (clang-800.0.42.1)
Target: x86_64-apple-darwin15.6.0
Thread model: posix
InstalledDir: /Library/Developer/CommandLineTools/usr/bin
$> clang --version
Apple LLVM version 8.0.0 (clang-800.0.42.1)
Target: x86_64-apple-darwin15.6.0
Thread model: posix
InstalledDir: /Library/Developer/CommandLineTools/usr/bin

= User files collection ========================================================
Collecting user files from Vogsphere
Repository URL: auto-exam/2019/c-exam-alone-in-the-dark-intermediate/exam_20190507/mtaylor

= Git history ==================================================================
$> git -C /var/folders/tq/ln84dzlj7cqc4y567m6nyk4w0000gp/T/tmp73mNRP/user log --pretty='%H - %an, %ad : %s'
3cea9b10887bfc28737a14a1036495a02b6f4d7a - Exam 42, Tue May 7 09:17:42 2019 -0700 : equation
 
= Collected files ==========================================
$> ls -lAR /var/folders/tq/ln84dzlj7cqc4y567m6nyk4w0000gp/T/tmp73mNRP/user
total 8
-rw-r--r--  1 deepthought  deepthought  250 May  7 09:17 __GIT_HISTORY
drwxr-xr-x  3 deepthought  deepthought  102 May  7 09:17 equation

/var/folders/tq/ln84dzlj7cqc4y567m6nyk4w0000gp/T/tmp73mNRP/user/equation:
total 8
-rw-r--r--  1 deepthought  deepthought  1475 May  7 09:17 equation.c
 
= equation =====================================================================
$> gcc -Wextra -Wall -Werror equation.c main.c -o user_exe 

= Test 1 ===================================================
$> ./kqopd02fygws2eikbdhd7wvl 0
$> diff -U 3 user_output_test1 test1.output | cat -e

Diff OK :D
= Test 2 ===================================================
$> ./5ibtohtwvivgnvwmjzklt8yk 3
$> diff -U 3 user_output_test2 test2.output | cat -e

Diff OK :D
= Test 3 ===================================================
$> ./4acbpwe7w4bsgj9xyc5zbx7t 31
$> diff -U 3 user_output_test3 test3.output | cat -e

Diff OK :D
= Test 4 ===================================================
$> ./ozwuyzxz8r8tgtuv3qkn4i8h 42
$> diff -U 3 user_output_test4 test4.output | cat -e

Diff OK :D
= Test 5 ===================================================
$> ./bpfb69p7x4xta3jof0dqyqnm 54
$> diff -U 3 user_output_test5 test5.output | cat -e

Diff OK :D
= Test 6 ===================================================
$> ./bh8lopn1lxv1athr7063g6gg 21
$> diff -U 3 user_output_test6 test6.output | cat -e

Diff OK :D
= Test 7 ===================================================
$> ./3witwubysljvc5vmlw1875ex 111
$> diff -U 3 user_output_test7 test7.output | cat -e

Diff OK :D
= Test 8 ===================================================
$> ./jve0mcftnu39mo03lny2x33l 133
$> diff -U 3 user_output_test8 test8.output | cat -e

Diff OK :D
= Test 9 ===================================================
$> ./3xf60sa2u4hzpakcsenvjf3g 198
$> diff -U 3 user_output_test9 test9.output | cat -e

Diff OK :D
Grade: 1

= Final grade: 1 ===============================================================
