= Host-specific information ====================================================
$> hostname; uname -msr
e1z2r8p24.42.us.org
Darwin 17.4.0 x86_64
$> date
Tue Apr 16 15:21:07 PDT 2019
$> gcc --version
Configured with: --prefix=/Library/Developer/CommandLineTools/usr --with-gxx-include-dir=/usr/include/c++/4.2.1
Apple LLVM version 9.0.0 (clang-900.0.39.2)
Target: x86_64-apple-darwin17.4.0
Thread model: posix
InstalledDir: /Library/Developer/CommandLineTools/usr/bin
$> clang --version
Apple LLVM version 9.0.0 (clang-900.0.39.2)
Target: x86_64-apple-darwin17.4.0
Thread model: posix
InstalledDir: /Library/Developer/CommandLineTools/usr/bin

= User files collection ========================================================
Collecting user files from Vogsphere
Repository URL: auto-exam/2019/c-exam-alone-in-the-dark-intermediate/practice-exam_20190416/mtaylor

= Git history ==================================================================
$> git -C /var/folders/49/pmf3nl8j6970f8qr96ljf_340000gp/T/tmpUZ4ebQ/user log --pretty='%H - %an, %ad : %s'
492d80a1c5f9b22ebaf420e31c7d4a9253070a5c - Molly Taylor, Tue Apr 16 15:20:54 2019 -0700 : is_anagram.c
 
= Collected files ==========================================
$> ls -lAR /var/folders/49/pmf3nl8j6970f8qr96ljf_340000gp/T/tmpUZ4ebQ/user
total 8
-rw-r--r--  1 deepthought  deepthought  249 Apr 16 15:21 __GIT_HISTORY
drwxr-xr-x  3 deepthought  deepthought  102 Apr 16 15:21 is_anagram

/var/folders/49/pmf3nl8j6970f8qr96ljf_340000gp/T/tmpUZ4ebQ/user/is_anagram:
total 8
-rw-r--r--  1 deepthought  deepthought  1181 Apr 16 15:21 is_anagram.c
 
= is_anagram ===================================================================
$> gcc -Wextra -Wall -Werror is_anagram.c main.c -o user_exe 

= Test 1 ===================================================
$> ./3sdnrgu2oip0738azjrotz8n test_correct_a_00.txt test_correct_b_00.txt
$> diff -U 3 user_output_test1 test1.output | cat -e

Diff OK :D
= Test 2 ===================================================
$> ./ew4yp5ql1e1atf8geizunws6 test_correct_a_01.txt test_correct_b_01.txt
$> diff -U 3 user_output_test2 test2.output | cat -e

Diff OK :D
= Test 3 ===================================================
$> ./9wdkeqcaipkca1qnr6yz6bjr test_correct_a_02.txt test_correct_b_02.txt
$> diff -U 3 user_output_test3 test3.output | cat -e

Diff OK :D
= Test 4 ===================================================
$> ./vksapu3hrbjkadn1bar2jb6l test_incorrect_a_02.txt test_incorrect_b_02.txt
$> diff -U 3 user_output_test4 test4.output | cat -e

Diff OK :D
= Test 5 ===================================================
$> ./xsymwgx10di252gr53ztrbgz test_incorrect_a_03.txt test_incorrect_b_03.txt
$> diff -U 3 user_output_test5 test5.output | cat -e

Diff OK :D
Grade: 1

= Final grade: 1 ===============================================================
