= Host-specific information ====================================================
$> hostname; uname -msr
e1z3r7p6.42.us.org
Darwin 17.4.0 x86_64
$> date
Tue May  7 11:52:31 PDT 2019
$> gcc --version
Configured with: --prefix=/Library/Developer/CommandLineTools/usr --with-gxx-include-dir=/usr/include/c++/4.2.1
Apple LLVM version 9.0.0 (clang-900.0.39.2)
Target: x86_64-apple-darwin17.4.0
Thread model: posix
InstalledDir: /Library/Developer/CommandLineTools/usr/bin
$> clang --version
Apple LLVM version 9.0.0 (clang-900.0.39.2)
Target: x86_64-apple-darwin17.4.0
Thread model: posix
InstalledDir: /Library/Developer/CommandLineTools/usr/bin

= User files collection ========================================================
Collecting user files from Vogsphere
Repository URL: auto-exam/2019/c-exam-alone-in-the-dark-intermediate/exam_20190507/mtaylor

= Git history ==================================================================
$> git -C /var/folders/zc/nnlcp_5j5x5_jf1hpbg0hflm0000gp/T/tmpQ2XrpV/user log --pretty='%H - %an, %ad : %s'
00f1370c674b37b1c9e19b3415d1e8b3c2db384d - Exam 42, Tue May 7 11:52:17 2019 -0700 : gold gain
3eaf60d4107399186c2341729546ffa231e7bb0a - Exam 42, Tue May 7 11:47:54 2019 -0700 : gold gain
2d2f8f165dd6091fc2dd1b62a1d5a892f2a0589f - Exam 42, Tue May 7 10:22:00 2019 -0700 : reverse tree
e8675c058f68a630b98f6262b5e39df4f2214f81 - Exam 42, Tue May 7 10:02:01 2019 -0700 : stack
03d24550e1e173a4176387a59e8488fdd81aace1 - Exam 42, Tue May 7 09:46:00 2019 -0700 : queue
3cea9b10887bfc28737a14a1036495a02b6f4d7a - Exam 42, Tue May 7 09:17:42 2019 -0700 : equation
 
= Collected files ==========================================
$> ls -lAR /var/folders/zc/nnlcp_5j5x5_jf1hpbg0hflm0000gp/T/tmpQ2XrpV/user
total 8
-rw-r--r--  1 deepthought  deepthought  1491 May  7 11:52 __GIT_HISTORY
drwxr-xr-x  3 deepthought  deepthought   102 May  7 11:52 equation
drwxr-xr-x  3 deepthought  deepthought   102 May  7 11:52 gold_gain
drwxr-xr-x  3 deepthought  deepthought   102 May  7 11:52 queue
drwxr-xr-x  3 deepthought  deepthought   102 May  7 11:52 reverse_tree
drwxr-xr-x  3 deepthought  deepthought   102 May  7 11:52 stack

/var/folders/zc/nnlcp_5j5x5_jf1hpbg0hflm0000gp/T/tmpQ2XrpV/user/equation:
total 8
-rw-r--r--  1 deepthought  deepthought  1475 May  7 11:52 equation.c

/var/folders/zc/nnlcp_5j5x5_jf1hpbg0hflm0000gp/T/tmpQ2XrpV/user/gold_gain:
total 8
-rw-r--r--  1 deepthought  deepthought  2559 May  7 11:52 gold_gain.c

/var/folders/zc/nnlcp_5j5x5_jf1hpbg0hflm0000gp/T/tmpQ2XrpV/user/queue:
total 8
-rw-r--r--  1 deepthought  deepthought  2279 May  7 11:52 queue.c

/var/folders/zc/nnlcp_5j5x5_jf1hpbg0hflm0000gp/T/tmpQ2XrpV/user/reverse_tree:
total 8
-rw-r--r--  1 deepthought  deepthought  1343 May  7 11:52 reverse_tree.c

/var/folders/zc/nnlcp_5j5x5_jf1hpbg0hflm0000gp/T/tmpQ2XrpV/user/stack:
total 8
-rw-r--r--  1 deepthought  deepthought  2111 May  7 11:52 stack.c
 
= gold_gain ====================================================================
$> gcc -Wextra -Wall -Werror gold_gain.c main.c -o user_exe 

= Test 1 ===================================================
$> ./ugj6i6itd4tnjpy9u1tvhe9q test_00.txt
$> diff -U 3 user_output_test1 test1.output | cat -e

Diff OK :D
= Test 2 ===================================================
$> ./hl66y0j3n6rkqhw96j9cjgdr test_01.txt
$> diff -U 3 user_output_test2 test2.output | cat -e

Diff OK :D
= Test 3 ===================================================
$> ./k2xymz0k1wy5w4ms14gw95io test_02.txt
$> diff -U 3 user_output_test3 test3.output | cat -e

Diff OK :D
= Test 4 ===================================================
$> ./nnv4zrdd6ysytqq75jigw89l test_03.txt
$> diff -U 3 user_output_test4 test4.output | cat -e

Diff OK :D
= Test 5 ===================================================
$> ./2tln7igw8ugg5qz7qtgvm5dz test_04.txt
$> diff -U 3 user_output_test5 test5.output | cat -e

Diff OK :D
Grade: 1

= Final grade: 1 ===============================================================
