= is_looping ===================================================================
$> gcc -Wextra -Wall -Werror main.c is_looping.c -o user_exe 

= Test 1 ===================================================
$> ./d5moy8qqbkqa77l5hvffcyh9 0 100 42
$> diff -U 3 user_output_test1 test1.output | cat -e

Diff OK :D
= Test 2 ===================================================
$> ./ymyhdkef2m6jfyi9e38rfwz3 1 100 42
$> diff -U 3 user_output_test2 test2.output | cat -e

Diff OK :D
= Test 3 ===================================================
$> ./uyx1xr1edduafukhgbzex7m7 1 100000 5
$> diff -U 3 user_output_test3 test3.output | cat -e

Diff OK :D
= Test 4 ===================================================
$> ./vj1xegt49f859talk0yi8mj7 0 100000 5
$> diff -U 3 user_output_test4 test4.output | cat -e

Diff OK :D
= Test 5 ===================================================
$> ./jglh2s3xbu0u9wbuzent6674 1 500000 1
$> diff -U 3 user_output_test5 test5.output | cat -e

Diff OK :D
Grade: 1

= Final grade: 1 ===============================================================
